<?xml version="1.0" encoding="UTF-8"?>
<testng-results ignored="0" total="1" passed="1" failed="0" skipped="0">
  <reporter-output>
  </reporter-output>
  <suite started-at="2022-02-19T17:27:14 PST" name="Default suite" finished-at="2022-02-19T17:27:14 PST" duration-ms="49">
    <groups>
    </groups>
    <test started-at="2022-02-19T17:27:14 PST" name="Default test" finished-at="2022-02-19T17:27:14 PST" duration-ms="49">
      <class name="JavaMock.NumberPalindrome">
        <test-method signature="isNumberPalindrome()[pri:0, instance:JavaMock.NumberPalindrome@36f0f1be]" started-at="2022-02-19T17:27:14 PST" name="isNumberPalindrome" finished-at="2022-02-19T17:27:14 PST" duration-ms="13" status="PASS">
          <reporter-output>
          </reporter-output>
        </test-method> <!-- isNumberPalindrome -->
      </class> <!-- JavaMock.NumberPalindrome -->
    </test> <!-- Default test -->
  </suite> <!-- Default suite -->
</testng-results>
