<?xml version="1.0" encoding="UTF-8"?>
<testng-results ignored="0" total="1" passed="1" failed="0" skipped="0">
  <reporter-output>
  </reporter-output>
  <suite started-at="2022-10-13T13:12:33 PDT" name="Default suite" finished-at="2022-10-13T13:12:33 PDT" duration-ms="47">
    <groups>
    </groups>
    <test started-at="2022-10-13T13:12:33 PDT" name="Default test" finished-at="2022-10-13T13:12:33 PDT" duration-ms="47">
      <class name="Arrays_Programs.peakElement">
        <test-method signature="test()[pri:0, instance:Arrays_Programs.peakElement@55f616cf]" started-at="2022-10-13T13:12:33 PDT" name="test" finished-at="2022-10-13T13:12:33 PDT" duration-ms="8" status="PASS">
          <reporter-output>
          </reporter-output>
        </test-method> <!-- test -->
      </class> <!-- Arrays_Programs.peakElement -->
    </test> <!-- Default test -->
  </suite> <!-- Default suite -->
</testng-results>
